<?xml version="1.0" encoding="UTF-8"?>
<!-- Generated by org.testng.reporters.JUnitReportReporter -->
<testsuite hostname="FFE-Asha-R" failures="0" tests="2" name="pactiseHomePageTest.Demo1" time="6.529" errors="0" timestamp="2024-06-17T18:06:53 IST" skipped="0">
  <testcase classname="pactiseHomePageTest.Demo1" name="test1" time="2.845"/>
  <system-out>
    <![CDATA[Test1]]>
  </system-out>
  <testcase classname="pactiseHomePageTest.Demo1" name="test2" time="3.684"/>
  <system-out>
    <![CDATA[Test2]]>
  </system-out>
</testsuite> <!-- pactiseHomePageTest.Demo1 -->
