<?xml version="1.0" encoding="UTF-8"?>
<!-- Generated by org.testng.reporters.JUnitReportReporter -->
<testsuite hostname="FFE-Asha-R" failures="0" tests="1" name="pactiseHomePageTest.SampleTestForScreenshot" time="20.890" errors="0" timestamp="2024-05-22T17:40:31 IST" skipped="0">
  <testcase classname="pactiseHomePageTest.SampleTestForScreenshot" name="amazonTest" time="20.890"/>
  <system-out/>
</testsuite> <!-- pactiseHomePageTest.SampleTestForScreenshot -->
