<?xml version="1.0" encoding="UTF-8"?>
<!-- Generated by org.testng.reporters.JUnitReportReporter -->
<testsuite hostname="FFE-Asha-R" failures="0" tests="3" name="practise.testng.CreateContact_Dataprovider_Test" time="0.009" errors="0" timestamp="2024-05-17T17:24:26 IST" skipped="0">
  <testcase classname="practise.testng.CreateContact_Dataprovider_Test" name="createContactTest" time="0.007"/>
  <system-out/>
  <testcase classname="practise.testng.CreateContact_Dataprovider_Test" name="createContactTest" time="0.000"/>
  <system-out/>
  <testcase classname="practise.testng.CreateContact_Dataprovider_Test" name="createContactTest" time="0.002"/>
  <system-out/>
</testsuite> <!-- practise.testng.CreateContact_Dataprovider_Test -->
