<?xml version="1.0" encoding="UTF-8"?>
<!-- Generated by org.testng.reporters.JUnitReportReporter -->
<testsuite hostname="FFE-Asha-R" failures="0" tests="2" name="pactiseHomePageTest.Sample" time="0.014" errors="0" timestamp="2024-05-22T16:07:23 IST" skipped="0">
  <testcase classname="pactiseHomePageTest.Sample" name="HomepageTest" time="0.012"/>
  <system-out>
    <![CDATA[HomepageTest Test Start
Step--1
Step--2
Step--3
Step--4
HomepageTest  Test end]]>
  </system-out>
  <testcase classname="pactiseHomePageTest.Sample" name="VerifyhomepageLogoTest" time="0.002"/>
  <system-out>
    <![CDATA[VerifyhomepageLogoTest Test Start
Step--1
Step--2
Step--3
Step--4
VerifyhomepageLogoTest  Test end]]>
  </system-out>
</testsuite> <!-- pactiseHomePageTest.Sample -->
