<?xml version="1.0" encoding="UTF-8"?>
<!-- Generated by org.testng.reporters.JUnitReportReporter -->
<testsuite hostname="FFE-Asha-R" failures="0" tests="1" name="jDBC.ToCreateConnectivityForRMGYantra" time="2.312" errors="0" timestamp="2024-05-13T13:29:53 IST" skipped="0">
  <testcase classname="jDBC.ToCreateConnectivityForRMGYantra" name="testConnection" time="2.312"/>
</testsuite> <!-- jDBC.ToCreateConnectivityForRMGYantra -->
