<?xml version="1.0" encoding="UTF-8"?>
<!-- Generated by org.testng.reporters.JUnitReportReporter -->
<testsuite hostname="FFE-Asha-R" failures="0" tests="1" name="practise.SampleTestWithPOM" time="27.023" errors="0" timestamp="2024-05-16T11:26:16 IST" skipped="0">
  <testcase classname="practise.SampleTestWithPOM" name="sampleTest" time="27.023"/>
</testsuite> <!-- practise.SampleTestWithPOM -->
