<?xml version="1.0" encoding="UTF-8"?>
<!-- Generated by org.testng.reporters.JUnitReportReporter -->
<testsuite hostname="FFE-Asha-R" failures="0" tests="3" name="practise.testng.CreateContactwithPhoneNumber_DP_test" time="0.019" errors="0" timestamp="2024-05-17T13:35:06 IST" skipped="0">
  <testcase classname="practise.testng.CreateContactwithPhoneNumber_DP_test" name="createContactTest" time="0.014"/>
  <system-out/>
  <testcase classname="practise.testng.CreateContactwithPhoneNumber_DP_test" name="createContactTest" time="0.003"/>
  <system-out/>
  <testcase classname="practise.testng.CreateContactwithPhoneNumber_DP_test" name="createContactTest" time="0.002"/>
  <system-out/>
</testsuite> <!-- practise.testng.CreateContactwithPhoneNumber_DP_test -->
