<?xml version="1.0" encoding="UTF-8"?>
<!-- Generated by org.testng.reporters.JUnitReportReporter -->
<testsuite hostname="FFE-Asha-R" failures="0" tests="1" name="practise.SampleReportTest" time="3.262" errors="0" timestamp="2024-05-28T16:26:12 IST" skipped="0">
  <testcase classname="practise.SampleReportTest" name="createContactTest" time="3.262"/>
  <system-out/>
</testsuite> <!-- practise.SampleReportTest -->
