<?xml version="1.0" encoding="UTF-8"?>
<!-- Generated by org.testng.reporters.JUnitReportReporter -->
<testsuite hostname="FFE-Asha-R" failures="0" tests="2" name="practise.testng.CreateContactTest" time="0.017" errors="0" timestamp="2024-05-17T12:20:07 IST" skipped="0">
  <testcase classname="practise.testng.CreateContactTest" name="modifyContactTest" time="0.003"/>
  <system-out/>
  <testcase classname="practise.testng.CreateContactTest" name="createContactTest" time="0.014"/>
  <system-out/>
</testsuite> <!-- practise.testng.CreateContactTest -->
