<?xml version="1.0" encoding="UTF-8"?>
<!-- Generated by org.testng.reporters.JUnitReportReporter -->
<testsuite hostname="FFE-Asha-R" failures="0" tests="2" name="practise.testng.CreateContactTest1" time="0.007" errors="0" timestamp="2024-05-17T16:29:20 IST" skipped="0">
  <testcase classname="practise.testng.CreateContactTest1" name="createContact" time="0.006"/>
  <system-out/>
  <testcase classname="practise.testng.CreateContactTest1" name="createContactWithDate" time="0.001"/>
  <system-out/>
</testsuite> <!-- practise.testng.CreateContactTest1 -->
