<?xml version="1.0" encoding="UTF-8"?>
<!-- Generated by org.testng.reporters.JUnitReportReporter -->
<testsuite hostname="FFE-Asha-R" failures="0" tests="1" name="XML.CreateOrgFetchingDatafromXML" time="32.571" errors="0" timestamp="2024-05-04T12:21:04 IST" skipped="0">
  <testcase classname="XML.CreateOrgFetchingDatafromXML" name="CreateOrg" time="32.571"/>
</testsuite> <!-- XML.CreateOrgFetchingDatafromXML -->
