<?xml version="1.0" encoding="UTF-8"?>
<!-- Generated by org.testng.reporters.JUnitReportReporter -->
<testsuite hostname="FFE-Asha-R" failures="0" tests="2" name="com.cr.orgTest.CreateOrgTest" time="0.009" errors="0" timestamp="2024-05-17T18:35:40 IST" skipped="0">
  <testcase classname="com.cr.orgTest.CreateOrgTest" name="createOrgWithIndustryTest" time="0.002"/>
  <system-out/>
  <testcase classname="com.cr.orgTest.CreateOrgTest" name="createOrgTest" time="0.007"/>
  <system-out/>
</testsuite> <!-- com.cr.orgTest.CreateOrgTest -->
