<?xml version="1.0" encoding="UTF-8"?>
<!-- Generated by org.testng.reporters.JUnitReportReporter -->
<testsuite hostname="FFE-Asha-R" failures="0" tests="2" name="practise.testng.SampleTest" time="0.008" errors="0" timestamp="2024-05-16T18:46:24 IST" skipped="0">
  <testcase classname="practise.testng.SampleTest" name="createContactTest" time="0.008"/>
  <system-out/>
  <testcase classname="practise.testng.SampleTest" name="createContactWithPhoneNumber" time="0.000"/>
  <system-out/>
</testsuite> <!-- practise.testng.SampleTest -->
