<?xml version="1.0" encoding="UTF-8"?>
<!-- Generated by org.testng.reporters.JUnitReportReporter -->
<testsuite hostname="FFE-Asha-R" failures="0" tests="1" name="XML.ReadDataFromTestNGXML" time="0.013" errors="0" timestamp="2024-05-04T12:07:23 IST" skipped="0">
  <testcase classname="XML.ReadDataFromTestNGXML" name="sampleTest" time="0.013"/>
</testsuite> <!-- XML.ReadDataFromTestNGXML -->
