<?xml version="1.0" encoding="UTF-8"?>
<!-- Generated by org.testng.reporters.JUnitReportReporter -->
<testsuite hostname="FFE-Asha-R" failures="0" tests="1" name="Json.CreateOrgFetchDataFromJSONFile" time="0.129" errors="0" timestamp="2024-06-02T16:15:54 IST" skipped="0">
  <testcase classname="Json.CreateOrgFetchDataFromJSONFile" name="getDate" time="0.129"/>
  <system-out/>
</testsuite> <!-- Json.CreateOrgFetchDataFromJSONFile -->
