<?xml version="1.0" encoding="UTF-8"?>
<!-- Generated by org.testng.reporters.JUnitReportReporter -->
<testsuite hostname="FFE-Asha-R" failures="0" tests="1" name="dataDrivenTesting.ReadRuntimeMavenParameterTest" time="12.280" errors="0" timestamp="2024-05-03T12:27:06 IST" skipped="0">
  <testcase classname="dataDrivenTesting.ReadRuntimeMavenParameterTest" name="runtimeParameterTest" time="12.280"/>
</testsuite> <!-- dataDrivenTesting.ReadRuntimeMavenParameterTest -->
