<?xml version="1.0" encoding="UTF-8"?>
<!-- Generated by org.testng.reporters.JUnitReportReporter -->
<testsuite hostname="FFE-Asha-R" failures="0" tests="1" name="dataDrivenTesting.CreateOrgFetchingDataFromCommand" time="32.708" errors="0" timestamp="2024-05-03T12:47:46 IST" skipped="0">
  <testcase classname="dataDrivenTesting.CreateOrgFetchingDataFromCommand" name="login" time="32.708"/>
</testsuite> <!-- dataDrivenTesting.CreateOrgFetchingDataFromCommand -->
